<?xml version="1.0" encoding="UTF-8"?>
<testsuite name="MinWinSubstringTests" tests="1" skipped="0" failures="0" errors="0" timestamp="2021-05-13T17:02:27" hostname="POBRIEN-DESKTOP" time="0.016">
  <properties/>
  <testcase name="Sanity Check" classname="CoderByteChallenges.AprilChallenges$MinWinSubStringTests" time="0.016"/>
  <system-out><![CDATA[howdy
]]></system-out>
  <system-err><![CDATA[]]></system-err>
</testsuite>
